<?xml version="1.0" encoding="UTF-8"?>
<!-- Generated by org.testng.reporters.JUnitReportReporter -->
<testsuite hostname="Lap" failures="0" tests="1" name="FleetQA.Test.LawSuitsTest" time="111.241" errors="0" timestamp="2023-03-03T14:59:50 IST" skipped="0">
  <testcase classname="FleetQA.Test.LawSuitsTest" name="LawSuits" time="111.241"/>
  <system-out/>
</testsuite> <!-- FleetQA.Test.LawSuitsTest -->
