<?xml version="1.0" encoding="UTF-8"?>
<!-- Generated by org.testng.reporters.JUnitReportReporter -->
<testsuite hostname="Lap" failures="0" tests="1" name="Fleet_QA.Test.LawSuitsTest" time="53.842" errors="0" timestamp="2023-03-03T14:48:19 IST" skipped="0">
  <testcase classname="Fleet_QA.Test.LawSuitsTest" name="LawSuits" time="53.842"/>
  <system-out/>
</testsuite> <!-- Fleet_QA.Test.LawSuitsTest -->
