<?xml version="1.0" encoding="UTF-8"?>
<!-- Generated by org.testng.reporters.JUnitReportReporter -->
<testsuite hostname="Lap" failures="0" tests="1" name="Fleet_Test.LawSuitsTest" time="59.436" errors="0" timestamp="2023-03-03T15:50:46 IST" skipped="0">
  <testcase classname="Fleet_Test.LawSuitsTest" name="LawSuits" time="59.436"/>
  <system-out/>
</testsuite> <!-- Fleet_Test.LawSuitsTest -->
